<?xml version="1.0" encoding="UTF-8"?>
<!-- Generated by org.testng.reporters.JUnitReportReporter -->
<testsuite hostname="DESKTOP-EG210D4" failures="0" tests="1" name="Amazon.Program1" time="4.613" errors="0" timestamp="2023-03-09T16:40:13 IST" skipped="0">
  <testcase classname="Amazon.Program1" name="flipkarttitle" time="4.613"/>
  <system-out/>
</testsuite> <!-- Amazon.Program1 -->
