<?xml version="1.0" encoding="UTF-8"?>
<!-- Generated by org.testng.reporters.JUnitReportReporter -->
<testsuite hostname="DESKTOP-EG210D4" failures="0" tests="3" name="testng.Flipkart" time="16.659" errors="0" timestamp="2023-04-10T12:36:53 IST" skipped="0">
  <testcase classname="testng.Flipkart" name="bestsellerclick" time="6.011"/>
  <system-out/>
  <testcase classname="testng.Flipkart" name="titlename" time="4.252"/>
  <system-out/>
  <testcase classname="testng.Flipkart" name="imagedisplayed" time="6.396"/>
  <system-out/>
</testsuite> <!-- testng.Flipkart -->
